=== StrRay Framework Plugin Testing and Validation Process ===
Testing Date: Fri Jan 23 15:12:38 CST 2026
Node Version: v20.19.6
NPM Version: 10.8.2
Working Directory: /Users/blaze/dev/stringray

=== Phase 1: Package Build & Distribution Testing ===
1.1 TypeScript Compilation Verification
Running: npm run build:plugin

> strray-ai@1.1.2 build:plugin
> tsc --project tsconfig.plugin.json

advanced-features/distributed/state-manager.ts(14,31): error TS6059: File '/Users/blaze/dev/stringray/advanced-features/distributed/raft-consensus.ts' is not under 'rootDir' '/Users/blaze/dev/stringray/src'. 'rootDir' is expected to contain all source files.
advanced-features/distributed/state-manager.ts(15,40): error TS2307: Cannot find module '../circuit-breaker/circuit-breaker' or its corresponding type declarations.
advanced-features/distributed/state-manager.ts(61,19): error TS2709: Cannot use namespace 'Redis' as a type.
advanced-features/distributed/state-manager.ts(161,62): error TS7006: Parameter 'err' implicitly has an 'any' type.
advanced-features/distributed/state-manager.ts(170,31): error TS7006: Parameter 'channel' implicitly has an 'any' type.
advanced-features/distributed/state-manager.ts(170,40): error TS7006: Parameter 'message' implicitly has an 'any' type.
advanced-features/distributed/state-manager.ts(247,14): error TS7006: Parameter 'result' implicitly has an 'any' type.
advanced-features/distributed/state-manager.ts(467,15): error TS7006: Parameter 'error' implicitly has an 'any' type.
advanced-features/distributed/state-manager.ts(545,15): error TS7006: Parameter 'error' implicitly has an 'any' type.
advanced-features/distributed/state-manager.ts(583,18): error TS2709: Cannot use namespace 'Redis' as a type.
advanced-features/distributed/state-manager.ts(586,22): error TS2709: Cannot use namespace 'Redis' as a type.
src/orchestrator/multi-agent-orchestration-coordinator.ts(11,55): error TS2307: Cannot find module './orchestrator' or its corresponding type declarations.
src/orchestrator/multi-agent-orchestration-coordinator.ts(12,48): error TS2307: Cannot find module './orchestrator/enhanced-multi-agent-orchestrator' or its corresponding type declarations.
src/orchestrator/multi-agent-orchestration-coordinator.ts(13,38): error TS2307: Cannot find module './delegation/agent-delegator' or its corresponding type declarations.
src/orchestrator/multi-agent-orchestration-coordinator.ts(14,39): error TS2307: Cannot find module './state/state-manager' or its corresponding type declarations.
src/orchestrator/multi-agent-orchestration-coordinator.ts(15,33): error TS2307: Cannot find module './framework-logger' or its corresponding type declarations.
src/orchestrator/multi-agent-orchestration-coordinator.ts(16,36): error TS2307: Cannot find module './delegation/complexity-analyzer' or its corresponding type declarations.
src/orchestrator/multi-agent-orchestration-coordinator.ts(252,50): error TS7006: Parameter 'agent' implicitly has an 'any' type.
src/orchestrator/multi-agent-orchestration-coordinator.ts(253,30): error TS7006: Parameter 'exp' implicitly has an 'any' type.
src/orchestrator/multi-agent-orchestration-coordinator.ts(254,32): error TS7006: Parameter 'spec' implicitly has an 'any' type.
src/orchestrator/multi-agent-orchestration-coordinator.ts(317,48): error TS7006: Parameter 'depId' implicitly has an 'any' type.
src/orchestrator/multi-agent-orchestration-coordinator.ts(551,34): error TS7006: Parameter 'dep' implicitly has an 'any' type.
src/state/state-manager.ts(242,3): error TS2393: Duplicate function implementation.
src/state/state-manager.ts(262,3): error TS2393: Duplicate function implementation.
src/state/state-manager.ts(304,58): error TS6059: File '/Users/blaze/dev/stringray/advanced-features/distributed/state-manager.ts' is not under 'rootDir' '/Users/blaze/dev/stringray/src'. 'rootDir' is expected to contain all source files.
  The file is in the program because:
    Imported via "../../advanced-features/distributed/state-manager" from file '/Users/blaze/dev/stringray/src/state/state-manager.ts'
    Imported via "./state-manager" from file '/Users/blaze/dev/stringray/advanced-features/distributed/raft-consensus.ts'
src/state/state-manager.ts(326,29): error TS2379: Argument of type '{ timestamp: number; operation: "set" | "get" | "clear"; key: string; userId: string | undefined; }' is not assignable to parameter of type '{ timestamp: number; operation: string; key: string; userId?: string; }' with 'exactOptionalPropertyTypes: true'. Consider adding 'undefined' to the types of the target's properties.
  Types of property 'userId' are incompatible.
    Type 'string | undefined' is not assignable to type 'string'.
      Type 'undefined' is not assignable to type 'string'.
src/state/state-manager.ts(365,73): error TS2345: Argument of type '"warn"' is not assignable to parameter of type '"debug" | "info" | "error" | "success" | undefined'.
src/state/state-manager.ts(375,3): error TS2393: Duplicate function implementation.
src/state/state-manager.ts(400,3): error TS2393: Duplicate function implementation.
‚ùå TypeScript compilation failed