{"numTotalTestSuites":199,"numPassedTestSuites":193,"numFailedTestSuites":6,"numPendingTestSuites":0,"numTotalTests":548,"numPassedTests":514,"numFailedTests":2,"numPendingTests":0,"numTodoTests":0,"snapshot":{"added":0,"failure":false,"filesAdded":0,"filesRemoved":0,"filesRemovedList":[],"filesUnmatched":0,"filesUpdated":0,"matched":0,"total":0,"unchecked":0,"uncheckedKeysByFile":[],"unmatched":0,"updated":0,"didUpdate":false},"startTime":1767841391317,"success":false,"testResults":[{"assertionResults":[],"startTime":1767841391317,"endTime":1767841391317,"status":"failed","message":"Cannot find module '../performance/performance-budget-enforcer' imported from '/Users/blaze/dev/strray/src/__tests__/performance/performance-system.test.ts'","name":"/Users/blaze/dev/strray/src/__tests__/performance/performance-system.test.ts"},{"assertionResults":[{"ancestorTitles":["Codex Enforcement Integration"],"fullName":"Codex Enforcement Integration should allow non-critical tools without enforcement","status":"passed","title":"should allow non-critical tools without enforcement","duration":1.3504170000000073,"failureMessages":[],"meta":{}},{"ancestorTitles":["Codex Enforcement Integration"],"fullName":"Codex Enforcement Integration should allow critical tools when no codex is loaded","status":"passed","title":"should allow critical tools when no codex is loaded","duration":5.590707999999992,"failureMessages":[],"meta":{}},{"ancestorTitles":["Codex Enforcement Integration"],"fullName":"Codex Enforcement Integration should block actions with blocking codex violations","status":"passed","title":"should block actions with blocking codex violations","duration":6.8449170000000095,"failureMessages":[],"meta":{}},{"ancestorTitles":["Codex Enforcement Integration"],"fullName":"Codex Enforcement Integration should allow actions with only non-blocking violations","status":"passed","title":"should allow actions with only non-blocking violations","duration":1.0722079999999892,"failureMessages":[],"meta":{}},{"ancestorTitles":["Codex Enforcement Integration"],"fullName":"Codex Enforcement Integration should allow compliant actions","status":"passed","title":"should allow compliant actions","duration":0.6865829999999988,"failureMessages":[],"meta":{}},{"ancestorTitles":["Codex Enforcement Integration"],"fullName":"Codex Enforcement Integration should handle enforcement errors gracefully","status":"passed","title":"should handle enforcement errors gracefully","duration":1.1739589999999964,"failureMessages":[],"meta":{}},{"ancestorTitles":["Codex Enforcement Integration"],"fullName":"Codex Enforcement Integration should only enforce on critical tools","status":"passed","title":"should only enforce on critical tools","duration":1.310208000000003,"failureMessages":[],"meta":{}}],"startTime":1767841391680,"endTime":1767841391698.3103,"status":"passed","message":"","name":"/Users/blaze/dev/strray/src/__tests__/integration/codex-enforcement.test.ts"},{"assertionResults":[{"ancestorTitles":["StrRay Delegation System Integration","Session Management"],"fullName":"StrRay Delegation System Integration Session Management should initialize session with proper metadata","status":"passed","title":"should initialize session with proper metadata","duration":1.6694169999999957,"failureMessages":[],"meta":{}},{"ancestorTitles":["StrRay Delegation System Integration","Session Management"],"fullName":"StrRay Delegation System Integration Session Management should track session status correctly","status":"passed","title":"should track session status correctly","duration":0.2836250000000007,"failureMessages":[],"meta":{}},{"ancestorTitles":["StrRay Delegation System Integration","Session Management"],"fullName":"StrRay Delegation System Integration Session Management should cleanup session properly","status":"passed","title":"should cleanup session properly","duration":0.30966699999999037,"failureMessages":[],"meta":{}},{"ancestorTitles":["StrRay Delegation System Integration","Complexity Analysis"],"fullName":"StrRay Delegation System Integration Complexity Analysis should analyze simple operations correctly","status":"passed","title":"should analyze simple operations correctly","duration":0.8633750000000049,"failureMessages":[],"meta":{}},{"ancestorTitles":["StrRay Delegation System Integration","Complexity Analysis"],"fullName":"StrRay Delegation System Integration Complexity Analysis should analyze complex operations correctly","status":"passed","title":"should analyze complex operations correctly","duration":0.4908749999999884,"failureMessages":[],"meta":{}},{"ancestorTitles":["StrRay Delegation System Integration","Agent Coordination"],"fullName":"StrRay Delegation System Integration Agent Coordination should send and receive messages between agents","status":"passed","title":"should send and receive messages between agents","duration":2.0640829999999966,"failureMessages":[],"meta":{}},{"ancestorTitles":["StrRay Delegation System Integration","Agent Coordination"],"fullName":"StrRay Delegation System Integration Agent Coordination should share and retrieve context data","status":"passed","title":"should share and retrieve context data","duration":0.3835409999999939,"failureMessages":[],"meta":{}},{"ancestorTitles":["StrRay Delegation System Integration","Conflict Resolution"],"fullName":"StrRay Delegation System Integration Conflict Resolution should resolve conflicts using majority vote","status":"passed","title":"should resolve conflicts using majority vote","duration":0.4207919999999916,"failureMessages":[],"meta":{}},{"ancestorTitles":["StrRay Delegation System Integration","Conflict Resolution"],"fullName":"StrRay Delegation System Integration Conflict Resolution should resolve conflicts using expert priority","status":"passed","title":"should resolve conflicts using expert priority","duration":0.32687500000000114,"failureMessages":[],"meta":{}},{"ancestorTitles":["StrRay Delegation System Integration","Performance and Monitoring"],"fullName":"StrRay Delegation System Integration Performance and Monitoring should track delegation performance metrics","status":"passed","title":"should track delegation performance metrics","duration":2.223458000000008,"failureMessages":[],"meta":{}},{"ancestorTitles":["StrRay Delegation System Integration","Performance and Monitoring"],"fullName":"StrRay Delegation System Integration Performance and Monitoring should maintain session performance under load","status":"passed","title":"should maintain session performance under load","duration":1.208207999999999,"failureMessages":[],"meta":{}}],"startTime":1767841391878,"endTime":1767841391888.2083,"status":"passed","message":"","name":"/Users/blaze/dev/strray/src/__tests__/integration/delegation-system.test.ts"},{"assertionResults":[{"ancestorTitles":["StrRay Framework End-to-End Integration Tests","Boot → Orchestrator → Session Flow Validation"],"fullName":"StrRay Framework End-to-End Integration Tests Boot → Orchestrator → Session Flow Validation should execute complete boot sequence and initialize orchestrator-first architecture","status":"passed","title":"should execute complete boot sequence and initialize orchestrator-first architecture","duration":8.930042000000014,"failureMessages":[],"meta":{}},{"ancestorTitles":["StrRay Framework End-to-End Integration Tests","Boot → Orchestrator → Session Flow Validation"],"fullName":"StrRay Framework End-to-End Integration Tests Boot → Orchestrator → Session Flow Validation should validate orchestrator task execution within session context","status":"passed","title":"should validate orchestrator task execution within session context","duration":3123.39725,"failureMessages":[],"meta":{}},{"ancestorTitles":["StrRay Framework End-to-End Integration Tests","Boot → Orchestrator → Session Flow Validation"],"fullName":"StrRay Framework End-to-End Integration Tests Boot → Orchestrator → Session Flow Validation should handle session lifecycle from boot through orchestrator coordination","status":"passed","title":"should handle session lifecycle from boot through orchestrator coordination","duration":2441.8941250000003,"failureMessages":[],"meta":{}},{"ancestorTitles":["StrRay Framework End-to-End Integration Tests","Boot → Orchestrator → Session Flow Validation"],"fullName":"StrRay Framework End-to-End Integration Tests Boot → Orchestrator → Session Flow Validation should validate boot failure recovery and orchestrator fallback","status":"passed","title":"should validate boot failure recovery and orchestrator fallback","duration":2.38287500000024,"failureMessages":[],"meta":{}},{"ancestorTitles":["StrRay Framework End-to-End Integration Tests","Security → Delegation Integration"],"fullName":"StrRay Framework End-to-End Integration Tests Security → Delegation Integration should integrate security auditing with agent delegation workflow","status":"passed","title":"should integrate security auditing with agent delegation workflow","duration":0.6587499999995998,"failureMessages":[],"meta":{}},{"ancestorTitles":["StrRay Framework End-to-End Integration Tests","Security → Delegation Integration"],"fullName":"StrRay Framework End-to-End Integration Tests Security → Delegation Integration should handle security violations through delegation conflict resolution","status":"passed","title":"should handle security violations through delegation conflict resolution","duration":2.4899169999998776,"failureMessages":[],"meta":{}},{"ancestorTitles":["StrRay Framework End-to-End Integration Tests","Security → Delegation Integration"],"fullName":"StrRay Framework End-to-End Integration Tests Security → Delegation Integration should validate security delegation with processor integration","status":"passed","title":"should validate security delegation with processor integration","duration":0.4596670000000813,"failureMessages":[],"meta":{}},{"ancestorTitles":["StrRay Framework End-to-End Integration Tests","Security → Delegation Integration"],"fullName":"StrRay Framework End-to-End Integration Tests Security → Delegation Integration should handle security delegation failures and recovery","status":"passed","title":"should handle security delegation failures and recovery","duration":0.4138330000005226,"failureMessages":[],"meta":{}},{"ancestorTitles":["StrRay Framework End-to-End Integration Tests","Processor → Session Coordination"],"fullName":"StrRay Framework End-to-End Integration Tests Processor → Session Coordination should coordinate processor execution through session management","status":"passed","title":"should coordinate processor execution through session management","duration":0.5817919999999503,"failureMessages":[],"meta":{}},{"ancestorTitles":["StrRay Framework End-to-End Integration Tests","Processor → Session Coordination"],"fullName":"StrRay Framework End-to-End Integration Tests Processor → Session Coordination should handle processor failures within session coordination","status":"passed","title":"should handle processor failures within session coordination","duration":0.4255829999992784,"failureMessages":[],"meta":{}},{"ancestorTitles":["StrRay Framework End-to-End Integration Tests","Processor → Session Coordination"],"fullName":"StrRay Framework End-to-End Integration Tests Processor → Session Coordination should validate processor health monitoring through session coordination","status":"passed","title":"should validate processor health monitoring through session coordination","duration":0.32358300000032614,"failureMessages":[],"meta":{}},{"ancestorTitles":["StrRay Framework End-to-End Integration Tests","Processor → Session Coordination"],"fullName":"StrRay Framework End-to-End Integration Tests Processor → Session Coordination should coordinate processor state transitions across session boundaries","status":"passed","title":"should coordinate processor state transitions across session boundaries","duration":0.7061249999997017,"failureMessages":[],"meta":{}},{"ancestorTitles":["StrRay Framework End-to-End Integration Tests","Complete Workflow Testing"],"fullName":"StrRay Framework End-to-End Integration Tests Complete Workflow Testing should execute full end-to-end workflow from boot to completion","status":"passed","title":"should execute full end-to-end workflow from boot to completion","duration":3227.224958,"failureMessages":[],"meta":{}},{"ancestorTitles":["StrRay Framework End-to-End Integration Tests","Complete Workflow Testing"],"fullName":"StrRay Framework End-to-End Integration Tests Complete Workflow Testing should handle complex multi-agent coordination scenarios","status":"passed","title":"should handle complex multi-agent coordination scenarios","duration":3430.898083,"failureMessages":[],"meta":{}},{"ancestorTitles":["StrRay Framework End-to-End Integration Tests","Complete Workflow Testing"],"fullName":"StrRay Framework End-to-End Integration Tests Complete Workflow Testing should validate error recovery and system resilience","status":"passed","title":"should validate error recovery and system resilience","duration":2057.5130420000005,"failureMessages":[],"meta":{}},{"ancestorTitles":["StrRay Framework End-to-End Integration Tests","Complete Workflow Testing"],"fullName":"StrRay Framework End-to-End Integration Tests Complete Workflow Testing should validate performance under concurrent workflow load","status":"passed","title":"should validate performance under concurrent workflow load","duration":2722.583124999999,"failureMessages":[],"meta":{}},{"ancestorTitles":["StrRay Framework End-to-End Integration Tests","Error Handling and Recovery"],"fullName":"StrRay Framework End-to-End Integration Tests Error Handling and Recovery should handle boot sequence failures gracefully","status":"passed","title":"should handle boot sequence failures gracefully","duration":2.284458000001905,"failureMessages":[],"meta":{}},{"ancestorTitles":["StrRay Framework End-to-End Integration Tests","Error Handling and Recovery"],"fullName":"StrRay Framework End-to-End Integration Tests Error Handling and Recovery should recover from session coordination failures","status":"passed","title":"should recover from session coordination failures","duration":0.34666700000161654,"failureMessages":[],"meta":{}},{"ancestorTitles":["StrRay Framework End-to-End Integration Tests","Error Handling and Recovery"],"fullName":"StrRay Framework End-to-End Integration Tests Error Handling and Recovery should handle processor cascade failures","status":"passed","title":"should handle processor cascade failures","duration":0.2108330000010028,"failureMessages":[],"meta":{}},{"ancestorTitles":["StrRay Framework End-to-End Integration Tests","Error Handling and Recovery"],"fullName":"StrRay Framework End-to-End Integration Tests Error Handling and Recovery should validate system integrity after error recovery","status":"passed","title":"should validate system integrity after error recovery","duration":1.1769999999996799,"failureMessages":[],"meta":{}},{"ancestorTitles":["StrRay Framework End-to-End Integration Tests","Performance and Load Testing"],"fullName":"StrRay Framework End-to-End Integration Tests Performance and Load Testing should maintain performance under high concurrent load","status":"passed","title":"should maintain performance under high concurrent load","duration":0.9217919999973674,"failureMessages":[],"meta":{}},{"ancestorTitles":["StrRay Framework End-to-End Integration Tests","Performance and Load Testing"],"fullName":"StrRay Framework End-to-End Integration Tests Performance and Load Testing should validate system stability under prolonged operation","status":"passed","title":"should validate system stability under prolonged operation","duration":5737.7303329999995,"failureMessages":[],"meta":{}},{"ancestorTitles":["StrRay Framework End-to-End Integration Tests","Performance and Load Testing"],"fullName":"StrRay Framework End-to-End Integration Tests Performance and Load Testing should benchmark orchestrator performance across different task complexities","status":"passed","title":"should benchmark orchestrator performance across different task complexities","duration":8619.002541999998,"failureMessages":[],"meta":{}}],"startTime":1767841391681,"endTime":1767841423065.0024,"status":"passed","message":"","name":"/Users/blaze/dev/strray/src/__tests__/integration/e2e-framework-integration.test.ts"},{"assertionResults":[{"ancestorTitles":["StrRay Framework Initialization Integration","Complete Framework Boot Sequence"],"fullName":"StrRay Framework Initialization Integration Complete Framework Boot Sequence should successfully initialize all framework components","status":"passed","title":"should successfully initialize all framework components","duration":1.7476669999999928,"failureMessages":[],"meta":{}},{"ancestorTitles":["StrRay Framework Initialization Integration","Complete Framework Boot Sequence"],"fullName":"StrRay Framework Initialization Integration Complete Framework Boot Sequence should handle framework initialization with missing codex files","status":"passed","title":"should handle framework initialization with missing codex files","duration":0.25420800000000554,"failureMessages":[],"meta":{}},{"ancestorTitles":["StrRay Framework Initialization Integration","Complete Framework Boot Sequence"],"fullName":"StrRay Framework Initialization Integration Complete Framework Boot Sequence should maintain component isolation during initialization","status":"passed","title":"should maintain component isolation during initialization","duration":0.24662500000000875,"failureMessages":[],"meta":{}},{"ancestorTitles":["StrRay Framework Initialization Integration","Framework Component Interactions"],"fullName":"StrRay Framework Initialization Integration Framework Component Interactions should validate code against loaded codex context","status":"passed","title":"should validate code against loaded codex context","duration":0.5704580000000021,"failureMessages":[],"meta":{}},{"ancestorTitles":["StrRay Framework Initialization Integration","Framework Component Interactions"],"fullName":"StrRay Framework Initialization Integration Framework Component Interactions should inject codex context into tool outputs","status":"passed","title":"should inject codex context into tool outputs","duration":1.7525830000000013,"failureMessages":[],"meta":{}},{"ancestorTitles":["StrRay Framework Initialization Integration","Framework Component Interactions"],"fullName":"StrRay Framework Initialization Integration Framework Component Interactions should persist state across component interactions","status":"passed","title":"should persist state across component interactions","duration":0.46904100000000426,"failureMessages":[],"meta":{}},{"ancestorTitles":["StrRay Framework Initialization Integration","Framework Lifecycle Management"],"fullName":"StrRay Framework Initialization Integration Framework Lifecycle Management should properly handle framework startup sequence","status":"passed","title":"should properly handle framework startup sequence","duration":0.7049590000000023,"failureMessages":[],"meta":{}},{"ancestorTitles":["StrRay Framework Initialization Integration","Framework Lifecycle Management"],"fullName":"StrRay Framework Initialization Integration Framework Lifecycle Management should handle framework shutdown and cleanup","status":"passed","title":"should handle framework shutdown and cleanup","duration":0.34183299999999406,"failureMessages":[],"meta":{}},{"ancestorTitles":["StrRay Framework Initialization Integration","Framework Lifecycle Management"],"fullName":"StrRay Framework Initialization Integration Framework Lifecycle Management should recover from partial initialization failures","status":"passed","title":"should recover from partial initialization failures","duration":0.21791699999999992,"failureMessages":[],"meta":{}},{"ancestorTitles":["StrRay Framework Initialization Integration","Framework Performance and Reliability"],"fullName":"StrRay Framework Initialization Integration Framework Performance and Reliability should handle concurrent operations efficiently","status":"passed","title":"should handle concurrent operations efficiently","duration":0.41116700000000606,"failureMessages":[],"meta":{}},{"ancestorTitles":["StrRay Framework Initialization Integration","Framework Performance and Reliability"],"fullName":"StrRay Framework Initialization Integration Framework Performance and Reliability should maintain performance under load","status":"passed","title":"should maintain performance under load","duration":0.26395800000000236,"failureMessages":[],"meta":{}},{"ancestorTitles":["StrRay Framework Initialization Integration","Framework Performance and Reliability"],"fullName":"StrRay Framework Initialization Integration Framework Performance and Reliability should handle large codex contexts efficiently","status":"passed","title":"should handle large codex contexts efficiently","duration":0.4229169999999982,"failureMessages":[],"meta":{}},{"ancestorTitles":["StrRay Framework Initialization Integration","Framework Error Recovery"],"fullName":"StrRay Framework Initialization Integration Framework Error Recovery should recover from state corruption","status":"passed","title":"should recover from state corruption","duration":0.08145800000001202,"failureMessages":[],"meta":{}},{"ancestorTitles":["StrRay Framework Initialization Integration","Framework Error Recovery"],"fullName":"StrRay Framework Initialization Integration Framework Error Recovery should handle context loader cache corruption","status":"passed","title":"should handle context loader cache corruption","duration":0.33533300000000565,"failureMessages":[],"meta":{}},{"ancestorTitles":["StrRay Framework Initialization Integration","Framework Error Recovery"],"fullName":"StrRay Framework Initialization Integration Framework Error Recovery should handle injector hook failures gracefully","status":"passed","title":"should handle injector hook failures gracefully","duration":0.23237499999999045,"failureMessages":[],"meta":{}}],"startTime":1767841391809,"endTime":1767841391817.3354,"status":"passed","message":"","name":"/Users/blaze/dev/strray/src/__tests__/integration/framework-init.test.ts"},{"assertionResults":[{"ancestorTitles":["JSON Codex System - Comprehensive Integration Testing","Rules Engine Validation"],"fullName":"JSON Codex System - Comprehensive Integration Testing Rules Engine Validation Verify codex.json is loaded correctly on framework startup","status":"passed","title":"Verify codex.json is loaded correctly on framework startup","duration":2.7890410000000116,"failureMessages":[],"meta":{}},{"ancestorTitles":["JSON Codex System - Comprehensive Integration Testing","Rules Engine Validation"],"fullName":"JSON Codex System - Comprehensive Integration Testing Rules Engine Validation Test that all 45 terms are accessible to the rules engine","status":"passed","title":"Test that all 45 terms are accessible to the rules engine","duration":0.2641670000000005,"failureMessages":[],"meta":{}},{"ancestorTitles":["JSON Codex System - Comprehensive Integration Testing","Rules Engine Validation"],"fullName":"JSON Codex System - Comprehensive Integration Testing Rules Engine Validation Confirm category-based filtering works","status":"passed","title":"Confirm category-based filtering works","duration":0.4214159999999936,"failureMessages":[],"meta":{}},{"ancestorTitles":["JSON Codex System - Comprehensive Integration Testing","Rules Engine Validation"],"fullName":"JSON Codex System - Comprehensive Integration Testing Rules Engine Validation Validate enforcement level logic","status":"passed","title":"Validate enforcement level logic","duration":0.21004100000000392,"failureMessages":[],"meta":{}},{"ancestorTitles":["JSON Codex System - Comprehensive Integration Testing","Format Detection Testing"],"fullName":"JSON Codex System - Comprehensive Integration Testing Format Detection Testing Test that .json files are parsed as JSON (primary)","status":"passed","title":"Test that .json files are parsed as JSON (primary)","duration":0.14483299999999133,"failureMessages":[],"meta":{}},{"ancestorTitles":["JSON Codex System - Comprehensive Integration Testing","Format Detection Testing"],"fullName":"JSON Codex System - Comprehensive Integration Testing Format Detection Testing Verify .md files still work as Markdown fallback","status":"passed","title":"Verify .md files still work as Markdown fallback","duration":0.08749999999999147,"failureMessages":[],"meta":{}},{"ancestorTitles":["JSON Codex System - Comprehensive Integration Testing","Format Detection Testing"],"fullName":"JSON Codex System - Comprehensive Integration Testing Format Detection Testing Confirm format auto-detection prioritizes JSON","status":"passed","title":"Confirm format auto-detection prioritizes JSON","duration":0.11062499999999886,"failureMessages":[],"meta":{}},{"ancestorTitles":["JSON Codex System - Comprehensive Integration Testing","Format Detection Testing"],"fullName":"JSON Codex System - Comprehensive Integration Testing Format Detection Testing Test mixed file scenarios","status":"passed","title":"Test mixed file scenarios","duration":0.37349999999999284,"failureMessages":[],"meta":{}},{"ancestorTitles":["JSON Codex System - Comprehensive Integration Testing","Functional Integration"],"fullName":"JSON Codex System - Comprehensive Integration Testing Functional Integration Test codex validation in tool execution hooks","status":"passed","title":"Test codex validation in tool execution hooks","duration":0.19341699999999662,"failureMessages":[],"meta":{}},{"ancestorTitles":["JSON Codex System - Comprehensive Integration Testing","Functional Integration"],"fullName":"JSON Codex System - Comprehensive Integration Testing Functional Integration Verify agent startup loads JSON codex correctly","status":"passed","title":"Verify agent startup loads JSON codex correctly","duration":1.5395830000000075,"failureMessages":[],"meta":{}},{"ancestorTitles":["JSON Codex System - Comprehensive Integration Testing","Functional Integration"],"fullName":"JSON Codex System - Comprehensive Integration Testing Functional Integration Confirm session-based codex caching works with JSON","status":"passed","title":"Confirm session-based codex caching works with JSON","duration":0.6352079999999916,"failureMessages":[],"meta":{}},{"ancestorTitles":["JSON Codex System - Comprehensive Integration Testing","Functional Integration"],"fullName":"JSON Codex System - Comprehensive Integration Testing Functional Integration Test error handling when JSON parsing fails","status":"passed","title":"Test error handling when JSON parsing fails","duration":0.08816699999999855,"failureMessages":[],"meta":{}},{"ancestorTitles":["JSON Codex System - Comprehensive Integration Testing","Performance Validation"],"fullName":"JSON Codex System - Comprehensive Integration Testing Performance Validation Measure JSON parsing performance vs Markdown","status":"passed","title":"Measure JSON parsing performance vs Markdown","duration":0.7251660000000015,"failureMessages":[],"meta":{}},{"ancestorTitles":["JSON Codex System - Comprehensive Integration Testing","Performance Validation"],"fullName":"JSON Codex System - Comprehensive Integration Testing Performance Validation Verify startup time remains acceptable","status":"passed","title":"Verify startup time remains acceptable","duration":0.13537500000001046,"failureMessages":[],"meta":{}},{"ancestorTitles":["JSON Codex System - Comprehensive Integration Testing","Performance Validation"],"fullName":"JSON Codex System - Comprehensive Integration Testing Performance Validation Test memory usage with large JSON codex files","status":"passed","title":"Test memory usage with large JSON codex files","duration":0.4667090000000087,"failureMessages":[],"meta":{}},{"ancestorTitles":["JSON Codex System - Comprehensive Integration Testing","End-to-End Testing"],"fullName":"JSON Codex System - Comprehensive Integration Testing End-to-End Testing Complete framework initialization with JSON codex","status":"passed","title":"Complete framework initialization with JSON codex","duration":0.2870419999999996,"failureMessages":[],"meta":{}},{"ancestorTitles":["JSON Codex System - Comprehensive Integration Testing","End-to-End Testing"],"fullName":"JSON Codex System - Comprehensive Integration Testing End-to-End Testing Execute tool operations with codex validation","status":"passed","title":"Execute tool operations with codex validation","duration":0.12729199999999707,"failureMessages":[],"meta":{}},{"ancestorTitles":["JSON Codex System - Comprehensive Integration Testing","End-to-End Testing"],"fullName":"JSON Codex System - Comprehensive Integration Testing End-to-End Testing Verify all codex rules are enforced correctly","status":"passed","title":"Verify all codex rules are enforced correctly","duration":0.1545420000000064,"failureMessages":[],"meta":{}},{"ancestorTitles":["JSON Codex System - Comprehensive Integration Testing","End-to-End Testing"],"fullName":"JSON Codex System - Comprehensive Integration Testing End-to-End Testing Confirm no functionality regressions","status":"passed","title":"Confirm no functionality regressions","duration":0.5561659999999904,"failureMessages":[],"meta":{}},{"ancestorTitles":["JSON Codex System - Comprehensive Integration Testing","Additional Validation Tests"],"fullName":"JSON Codex System - Comprehensive Integration Testing Additional Validation Tests JSON Syntax Validation","status":"passed","title":"JSON Syntax Validation","duration":0.5416659999999922,"failureMessages":[],"meta":{}},{"ancestorTitles":["JSON Codex System - Comprehensive Integration Testing","Additional Validation Tests"],"fullName":"JSON Codex System - Comprehensive Integration Testing Additional Validation Tests Codex Metadata Extraction","status":"passed","title":"Codex Metadata Extraction","duration":0.24408300000000338,"failureMessages":[],"meta":{}},{"ancestorTitles":["JSON Codex System - Comprehensive Integration Testing","Additional Validation Tests"],"fullName":"JSON Codex System - Comprehensive Integration Testing Additional Validation Tests Injector Hook Functionality","status":"passed","title":"Injector Hook Functionality","duration":0.7240000000000038,"failureMessages":[],"meta":{}},{"ancestorTitles":["JSON Codex System - Comprehensive Integration Testing","Additional Validation Tests"],"fullName":"JSON Codex System - Comprehensive Integration Testing Additional Validation Tests Cache Management","status":"passed","title":"Cache Management","duration":1.2957920000000058,"failureMessages":[],"meta":{}}],"startTime":1767841391747,"endTime":1767841391760.296,"status":"passed","message":"","name":"/Users/blaze/dev/strray/src/__tests__/integration/json-codex-integration.test.ts"},{"assertionResults":[{"ancestorTitles":["Oh-My-OpenCode Integration"],"fullName":"Oh-My-OpenCode Integration should load StrRay plugin successfully","status":"passed","title":"should load StrRay plugin successfully","duration":0.5587919999999968,"failureMessages":[],"meta":{}},{"ancestorTitles":["Oh-My-OpenCode Integration"],"fullName":"Oh-My-OpenCode Integration should inject codex into system prompts","status":"passed","title":"should inject codex into system prompts","duration":0.2427500000000009,"failureMessages":[],"meta":{}},{"ancestorTitles":["Oh-My-OpenCode Integration"],"fullName":"Oh-My-OpenCode Integration should allow compliant tool execution","status":"passed","title":"should allow compliant tool execution","duration":0.15099999999999625,"failureMessages":[],"meta":{}},{"ancestorTitles":["Oh-My-OpenCode Integration"],"fullName":"Oh-My-OpenCode Integration should block tool execution with TODO comments","status":"passed","title":"should block tool execution with TODO comments","duration":1.3092500000000058,"failureMessages":[],"meta":{}},{"ancestorTitles":["Oh-My-OpenCode Integration"],"fullName":"Oh-My-OpenCode Integration should block tool execution with any types","status":"passed","title":"should block tool execution with any types","duration":0.44225000000000136,"failureMessages":[],"meta":{}},{"ancestorTitles":["Oh-My-OpenCode Integration"],"fullName":"Oh-My-OpenCode Integration should block tool execution with infinite loops","status":"passed","title":"should block tool execution with infinite loops","duration":0.28887500000000443,"failureMessages":[],"meta":{}},{"ancestorTitles":["Oh-My-OpenCode Integration"],"fullName":"Oh-My-OpenCode Integration should handle plugin errors gracefully","status":"passed","title":"should handle plugin errors gracefully","duration":1.587666000000013,"failureMessages":[],"meta":{}},{"ancestorTitles":["Oh-My-OpenCode Integration"],"fullName":"Oh-My-OpenCode Integration should track tool execution calls","status":"passed","title":"should track tool execution calls","duration":0.10770800000000236,"failureMessages":[],"meta":{}},{"ancestorTitles":["Oh-My-OpenCode Integration"],"fullName":"Oh-My-OpenCode Integration should validate plugin configuration","status":"passed","title":"should validate plugin configuration","duration":0.36983299999999986,"failureMessages":[],"meta":{}},{"ancestorTitles":["Oh-My-OpenCode Integration"],"fullName":"Oh-My-OpenCode Integration should handle multiple tool executions","status":"passed","title":"should handle multiple tool executions","duration":0.4994999999999976,"failureMessages":[],"meta":{}}],"startTime":1767841392034,"endTime":1767841392039.4995,"status":"passed","message":"","name":"/Users/blaze/dev/strray/src/__tests__/integration/oh-my-opencode-integration.test.ts"},{"assertionResults":[{"ancestorTitles":["StrRay Framework - Comprehensive Orchestrator Integration Tests","Core Integration Scenarios","Orchestrator Initialization"],"fullName":"StrRay Framework - Comprehensive Orchestrator Integration Tests Core Integration Scenarios Orchestrator Initialization should successfully initialize orchestrator with all dependencies","status":"passed","title":"should successfully initialize orchestrator with all dependencies","duration":1.1199589999999944,"failureMessages":[],"meta":{}},{"ancestorTitles":["StrRay Framework - Comprehensive Orchestrator Integration Tests","Core Integration Scenarios","Orchestrator Initialization"],"fullName":"StrRay Framework - Comprehensive Orchestrator Integration Tests Core Integration Scenarios Orchestrator Initialization should initialize with session coordinator integration","status":"passed","title":"should initialize with session coordinator integration","duration":1.1567919999999958,"failureMessages":[],"meta":{}},{"ancestorTitles":["StrRay Framework - Comprehensive Orchestrator Integration Tests","Core Integration Scenarios","Orchestrator Initialization"],"fullName":"StrRay Framework - Comprehensive Orchestrator Integration Tests Core Integration Scenarios Orchestrator Initialization should initialize with plugin system integration","status":"passed","title":"should initialize with plugin system integration","duration":0.238708000000031,"failureMessages":[],"meta":{}},{"ancestorTitles":["StrRay Framework - Comprehensive Orchestrator Integration Tests","Core Integration Scenarios","Orchestrator Initialization"],"fullName":"StrRay Framework - Comprehensive Orchestrator Integration Tests Core Integration Scenarios Orchestrator Initialization should handle initialization failures gracefully","status":"failed","title":"should handle initialization failures gracefully","duration":5.734874999999988,"failureMessages":["Error: State manager error\n    at Object.<anonymous> (/Users/blaze/dev/strray/src/__tests__/integration/orchestrator-integration.test.ts:154:57)\n    at Object.Mock [as set] (file:///Users/blaze/dev/strray/node_modules/@vitest/spy/dist/index.js:285:34)\n    at SessionCoordinator.initializeSession (/Users/blaze/dev/strray/src/delegation/session-coordinator.ts:115:23)\n    at /Users/blaze/dev/strray/src/__tests__/integration/orchestrator-integration.test.ts:164:41\n    at file:///Users/blaze/dev/strray/node_modules/@vitest/runner/dist/index.js:145:11\n    at file:///Users/blaze/dev/strray/node_modules/@vitest/runner/dist/index.js:915:26\n    at file:///Users/blaze/dev/strray/node_modules/@vitest/runner/dist/index.js:1243:20\n    at new Promise (<anonymous>)\n    at runWithTimeout (file:///Users/blaze/dev/strray/node_modules/@vitest/runner/dist/index.js:1209:10)\n    at file:///Users/blaze/dev/strray/node_modules/@vitest/runner/dist/index.js:1653:37","Error: State manager error\n    at Object.<anonymous> (/Users/blaze/dev/strray/src/__tests__/integration/orchestrator-integration.test.ts:154:57)\n    at Object.Mock [as set] (file:///Users/blaze/dev/strray/node_modules/@vitest/spy/dist/index.js:285:34)\n    at SessionCoordinator.initializeSession (/Users/blaze/dev/strray/src/delegation/session-coordinator.ts:115:23)\n    at /Users/blaze/dev/strray/src/__tests__/integration/orchestrator-integration.test.ts:164:41\n    at file:///Users/blaze/dev/strray/node_modules/@vitest/runner/dist/index.js:145:11\n    at file:///Users/blaze/dev/strray/node_modules/@vitest/runner/dist/index.js:915:26\n    at file:///Users/blaze/dev/strray/node_modules/@vitest/runner/dist/index.js:1243:20\n    at new Promise (<anonymous>)\n    at runWithTimeout (file:///Users/blaze/dev/strray/node_modules/@vitest/runner/dist/index.js:1209:10)\n    at file:///Users/blaze/dev/strray/node_modules/@vitest/runner/dist/index.js:1653:37","Error: State manager error\n    at Object.<anonymous> (/Users/blaze/dev/strray/src/__tests__/integration/orchestrator-integration.test.ts:154:57)\n    at Object.Mock [as set] (file:///Users/blaze/dev/strray/node_modules/@vitest/spy/dist/index.js:285:34)\n    at SessionCoordinator.initializeSession (/Users/blaze/dev/strray/src/delegation/session-coordinator.ts:115:23)\n    at /Users/blaze/dev/strray/src/__tests__/integration/orchestrator-integration.test.ts:164:41\n    at file:///Users/blaze/dev/strray/node_modules/@vitest/runner/dist/index.js:145:11\n    at file:///Users/blaze/dev/strray/node_modules/@vitest/runner/dist/index.js:915:26\n    at file:///Users/blaze/dev/strray/node_modules/@vitest/runner/dist/index.js:1243:20\n    at new Promise (<anonymous>)\n    at runWithTimeout (file:///Users/blaze/dev/strray/node_modules/@vitest/runner/dist/index.js:1209:10)\n    at file:///Users/blaze/dev/strray/node_modules/@vitest/runner/dist/index.js:1653:37"],"meta":{}},{"ancestorTitles":["StrRay Framework - Comprehensive Orchestrator Integration Tests","Core Integration Scenarios","Agent Coordination"],"fullName":"StrRay Framework - Comprehensive Orchestrator Integration Tests Core Integration Scenarios Agent Coordination should coordinate multi-agent task execution with dependencies","status":"failed","title":"should coordinate multi-agent task execution with dependencies","duration":30004.824042,"failureMessages":["Error: STACK_TRACE_ERROR\n    at task (file:///Users/blaze/dev/strray/node_modules/@vitest/runner/dist/index.js:796:27)\n    at Object.<anonymous> (file:///Users/blaze/dev/strray/node_modules/@vitest/runner/dist/index.js:823:16)\n    at Object.<anonymous> (file:///Users/blaze/dev/strray/node_modules/@vitest/runner/dist/index.js:615:28)\n    at chain (file:///Users/blaze/dev/strray/node_modules/@vitest/runner/dist/chunk-tasks.js:9:14)\n    at /Users/blaze/dev/strray/src/__tests__/integration/orchestrator-integration.test.ts:169:7\n    at file:///Users/blaze/dev/strray/node_modules/@vitest/runner/dist/index.js:901:40\n    at runWithSuite (file:///Users/blaze/dev/strray/node_modules/@vitest/runner/dist/index.js:1195:8)\n    at Object.collect (file:///Users/blaze/dev/strray/node_modules/@vitest/runner/dist/index.js:901:10)\n    at Object.collect (file:///Users/blaze/dev/strray/node_modules/@vitest/runner/dist/index.js:905:54)\n    at processTicksAndRejections (node:internal/process/task_queues:95:5)\n    at Object.collect (file:///Users/blaze/dev/strray/node_modules/@vitest/runner/dist/index.js:905:46)\n    at Object.collect (file:///Users/blaze/dev/strray/node_modules/@vitest/runner/dist/index.js:905:46)\n    at file:///Users/blaze/dev/strray/node_modules/@vitest/runner/dist/index.js:1390:26\n    at collectTests (file:///Users/blaze/dev/strray/node_modules/@vitest/runner/dist/index.js:1365:3)\n    at startTests (file:///Users/blaze/dev/strray/node_modules/@vitest/runner/dist/index.js:1937:17)","Error: STACK_TRACE_ERROR\n    at task (file:///Users/blaze/dev/strray/node_modules/@vitest/runner/dist/index.js:796:27)\n    at Object.<anonymous> (file:///Users/blaze/dev/strray/node_modules/@vitest/runner/dist/index.js:823:16)\n    at Object.<anonymous> (file:///Users/blaze/dev/strray/node_modules/@vitest/runner/dist/index.js:615:28)\n    at chain (file:///Users/blaze/dev/strray/node_modules/@vitest/runner/dist/chunk-tasks.js:9:14)\n    at /Users/blaze/dev/strray/src/__tests__/integration/orchestrator-integration.test.ts:169:7\n    at file:///Users/blaze/dev/strray/node_modules/@vitest/runner/dist/index.js:901:40\n    at runWithSuite (file:///Users/blaze/dev/strray/node_modules/@vitest/runner/dist/index.js:1195:8)\n    at Object.collect (file:///Users/blaze/dev/strray/node_modules/@vitest/runner/dist/index.js:901:10)\n    at Object.collect (file:///Users/blaze/dev/strray/node_modules/@vitest/runner/dist/index.js:905:54)\n    at processTicksAndRejections (node:internal/process/task_queues:95:5)\n    at Object.collect (file:///Users/blaze/dev/strray/node_modules/@vitest/runner/dist/index.js:905:46)\n    at Object.collect (file:///Users/blaze/dev/strray/node_modules/@vitest/runner/dist/index.js:905:46)\n    at file:///Users/blaze/dev/strray/node_modules/@vitest/runner/dist/index.js:1390:26\n    at collectTests (file:///Users/blaze/dev/strray/node_modules/@vitest/runner/dist/index.js:1365:3)\n    at startTests (file:///Users/blaze/dev/strray/node_modules/@vitest/runner/dist/index.js:1937:17)","Error: STACK_TRACE_ERROR\n    at task (file:///Users/blaze/dev/strray/node_modules/@vitest/runner/dist/index.js:796:27)\n    at Object.<anonymous> (file:///Users/blaze/dev/strray/node_modules/@vitest/runner/dist/index.js:823:16)\n    at Object.<anonymous> (file:///Users/blaze/dev/strray/node_modules/@vitest/runner/dist/index.js:615:28)\n    at chain (file:///Users/blaze/dev/strray/node_modules/@vitest/runner/dist/chunk-tasks.js:9:14)\n    at /Users/blaze/dev/strray/src/__tests__/integration/orchestrator-integration.test.ts:169:7\n    at file:///Users/blaze/dev/strray/node_modules/@vitest/runner/dist/index.js:901:40\n    at runWithSuite (file:///Users/blaze/dev/strray/node_modules/@vitest/runner/dist/index.js:1195:8)\n    at Object.collect (file:///Users/blaze/dev/strray/node_modules/@vitest/runner/dist/index.js:901:10)\n    at Object.collect (file:///Users/blaze/dev/strray/node_modules/@vitest/runner/dist/index.js:905:54)\n    at processTicksAndRejections (node:internal/process/task_queues:95:5)\n    at Object.collect (file:///Users/blaze/dev/strray/node_modules/@vitest/runner/dist/index.js:905:46)\n    at Object.collect (file:///Users/blaze/dev/strray/node_modules/@vitest/runner/dist/index.js:905:46)\n    at file:///Users/blaze/dev/strray/node_modules/@vitest/runner/dist/index.js:1390:26\n    at collectTests (file:///Users/blaze/dev/strray/node_modules/@vitest/runner/dist/index.js:1365:3)\n    at startTests (file:///Users/blaze/dev/strray/node_modules/@vitest/runner/dist/index.js:1937:17)"],"meta":{}},{"ancestorTitles":["StrRay Framework - Comprehensive Orchestrator Integration Tests","Core Integration Scenarios","Agent Coordination"],"fullName":"StrRay Framework - Comprehensive Orchestrator Integration Tests Core Integration Scenarios Agent Coordination should handle agent delegation with complexity analysis","status":"pending","title":"should handle agent delegation with complexity analysis","failureMessages":[],"meta":{}},{"ancestorTitles":["StrRay Framework - Comprehensive Orchestrator Integration Tests","Core Integration Scenarios","Agent Coordination"],"fullName":"StrRay Framework - Comprehensive Orchestrator Integration Tests Core Integration Scenarios Agent Coordination should resolve conflicts between agent responses","status":"pending","title":"should resolve conflicts between agent responses","failureMessages":[],"meta":{}},{"ancestorTitles":["StrRay Framework - Comprehensive Orchestrator Integration Tests","Core Integration Scenarios","Agent Coordination"],"fullName":"StrRay Framework - Comprehensive Orchestrator Integration Tests Core Integration Scenarios Agent Coordination should handle agent delegation failures with fallback","status":"pending","title":"should handle agent delegation failures with fallback","failureMessages":[],"meta":{}},{"ancestorTitles":["StrRay Framework - Comprehensive Orchestrator Integration Tests","Core Integration Scenarios","Session Management"],"fullName":"StrRay Framework - Comprehensive Orchestrator Integration Tests Core Integration Scenarios Session Management should manage session lifecycle with state persistence","status":"pending","title":"should manage session lifecycle with state persistence","failureMessages":[],"meta":{}},{"ancestorTitles":["StrRay Framework - Comprehensive Orchestrator Integration Tests","Core Integration Scenarios","Session Management"],"fullName":"StrRay Framework - Comprehensive Orchestrator Integration Tests Core Integration Scenarios Session Management should handle session dependencies and coordination","status":"pending","title":"should handle session dependencies and coordination","failureMessages":[],"meta":{}},{"ancestorTitles":["StrRay Framework - Comprehensive Orchestrator Integration Tests","Core Integration Scenarios","Session Management"],"fullName":"StrRay Framework - Comprehensive Orchestrator Integration Tests Core Integration Scenarios Session Management should manage session groups for complex workflows","status":"pending","title":"should manage session groups for complex workflows","failureMessages":[],"meta":{}},{"ancestorTitles":["StrRay Framework - Comprehensive Orchestrator Integration Tests","Core Integration Scenarios","Session Management"],"fullName":"StrRay Framework - Comprehensive Orchestrator Integration Tests Core Integration Scenarios Session Management should handle session migration and failover","status":"pending","title":"should handle session migration and failover","failureMessages":[],"meta":{}},{"ancestorTitles":["StrRay Framework - Comprehensive Orchestrator Integration Tests","Core Integration Scenarios","Plugin System"],"fullName":"StrRay Framework - Comprehensive Orchestrator Integration Tests Core Integration Scenarios Plugin System should load and execute plugins securely","status":"pending","title":"should load and execute plugins securely","failureMessages":[],"meta":{}},{"ancestorTitles":["StrRay Framework - Comprehensive Orchestrator Integration Tests","Core Integration Scenarios","Plugin System"],"fullName":"StrRay Framework - Comprehensive Orchestrator Integration Tests Core Integration Scenarios Plugin System should enforce plugin security sandboxing","status":"pending","title":"should enforce plugin security sandboxing","failureMessages":[],"meta":{}},{"ancestorTitles":["StrRay Framework - Comprehensive Orchestrator Integration Tests","Core Integration Scenarios","Plugin System"],"fullName":"StrRay Framework - Comprehensive Orchestrator Integration Tests Core Integration Scenarios Plugin System should handle plugin lifecycle management","status":"pending","title":"should handle plugin lifecycle management","failureMessages":[],"meta":{}},{"ancestorTitles":["StrRay Framework - Comprehensive Orchestrator Integration Tests","Core Integration Scenarios","Performance Integration"],"fullName":"StrRay Framework - Comprehensive Orchestrator Integration Tests Core Integration Scenarios Performance Integration should maintain performance under concurrent load","status":"pending","title":"should maintain performance under concurrent load","failureMessages":[],"meta":{}},{"ancestorTitles":["StrRay Framework - Comprehensive Orchestrator Integration Tests","Core Integration Scenarios","Performance Integration"],"fullName":"StrRay Framework - Comprehensive Orchestrator Integration Tests Core Integration Scenarios Performance Integration should handle memory efficiently during large operations","status":"pending","title":"should handle memory efficiently during large operations","failureMessages":[],"meta":{}},{"ancestorTitles":["StrRay Framework - Comprehensive Orchestrator Integration Tests","Core Integration Scenarios","Performance Integration"],"fullName":"StrRay Framework - Comprehensive Orchestrator Integration Tests Core Integration Scenarios Performance Integration should enforce performance budgets","status":"pending","title":"should enforce performance budgets","failureMessages":[],"meta":{}},{"ancestorTitles":["StrRay Framework - Comprehensive Orchestrator Integration Tests","Core Integration Scenarios","Performance Integration"],"fullName":"StrRay Framework - Comprehensive Orchestrator Integration Tests Core Integration Scenarios Performance Integration should handle timeout scenarios gracefully","status":"pending","title":"should handle timeout scenarios gracefully","failureMessages":[],"meta":{}},{"ancestorTitles":["StrRay Framework - Comprehensive Orchestrator Integration Tests","Error Handling Tests"],"fullName":"StrRay Framework - Comprehensive Orchestrator Integration Tests Error Handling Tests should handle orchestrator task execution failures","status":"pending","title":"should handle orchestrator task execution failures","failureMessages":[],"meta":{}},{"ancestorTitles":["StrRay Framework - Comprehensive Orchestrator Integration Tests","Error Handling Tests"],"fullName":"StrRay Framework - Comprehensive Orchestrator Integration Tests Error Handling Tests should handle circular dependencies","status":"pending","title":"should handle circular dependencies","failureMessages":[],"meta":{}},{"ancestorTitles":["StrRay Framework - Comprehensive Orchestrator Integration Tests","Error Handling Tests"],"fullName":"StrRay Framework - Comprehensive Orchestrator Integration Tests Error Handling Tests should handle session state corruption","status":"pending","title":"should handle session state corruption","failureMessages":[],"meta":{}},{"ancestorTitles":["StrRay Framework - Comprehensive Orchestrator Integration Tests","Error Handling Tests"],"fullName":"StrRay Framework - Comprehensive Orchestrator Integration Tests Error Handling Tests should recover from plugin execution failures","status":"pending","title":"should recover from plugin execution failures","failureMessages":[],"meta":{}},{"ancestorTitles":["StrRay Framework - Comprehensive Orchestrator Integration Tests","Concurrency Tests"],"fullName":"StrRay Framework - Comprehensive Orchestrator Integration Tests Concurrency Tests should handle multiple concurrent sessions","status":"pending","title":"should handle multiple concurrent sessions","failureMessages":[],"meta":{}},{"ancestorTitles":["StrRay Framework - Comprehensive Orchestrator Integration Tests","Concurrency Tests"],"fullName":"StrRay Framework - Comprehensive Orchestrator Integration Tests Concurrency Tests should manage resource contention","status":"pending","title":"should manage resource contention","failureMessages":[],"meta":{}},{"ancestorTitles":["StrRay Framework - Comprehensive Orchestrator Integration Tests","Concurrency Tests"],"fullName":"StrRay Framework - Comprehensive Orchestrator Integration Tests Concurrency Tests should handle session state sharing under concurrency","status":"pending","title":"should handle session state sharing under concurrency","failureMessages":[],"meta":{}},{"ancestorTitles":["StrRay Framework - Comprehensive Orchestrator Integration Tests","Boundary Tests"],"fullName":"StrRay Framework - Comprehensive Orchestrator Integration Tests Boundary Tests should handle maximum concurrent tasks limit","status":"pending","title":"should handle maximum concurrent tasks limit","failureMessages":[],"meta":{}},{"ancestorTitles":["StrRay Framework - Comprehensive Orchestrator Integration Tests","Boundary Tests"],"fullName":"StrRay Framework - Comprehensive Orchestrator Integration Tests Boundary Tests should handle empty task sets","status":"pending","title":"should handle empty task sets","failureMessages":[],"meta":{}},{"ancestorTitles":["StrRay Framework - Comprehensive Orchestrator Integration Tests","Boundary Tests"],"fullName":"StrRay Framework - Comprehensive Orchestrator Integration Tests Boundary Tests should handle very large task descriptions","status":"pending","title":"should handle very large task descriptions","failureMessages":[],"meta":{}},{"ancestorTitles":["StrRay Framework - Comprehensive Orchestrator Integration Tests","Boundary Tests"],"fullName":"StrRay Framework - Comprehensive Orchestrator Integration Tests Boundary Tests should handle plugin registry limits","status":"pending","title":"should handle plugin registry limits","failureMessages":[],"meta":{}},{"ancestorTitles":["StrRay Framework - Comprehensive Orchestrator Integration Tests","Integration Flow Tests"],"fullName":"StrRay Framework - Comprehensive Orchestrator Integration Tests Integration Flow Tests should execute complete end-to-end framework workflow","status":"pending","title":"should execute complete end-to-end framework workflow","failureMessages":[],"meta":{}},{"ancestorTitles":["StrRay Framework - Comprehensive Orchestrator Integration Tests","Integration Flow Tests"],"fullName":"StrRay Framework - Comprehensive Orchestrator Integration Tests Integration Flow Tests should handle complex multi-session coordination workflow","status":"pending","title":"should handle complex multi-session coordination workflow","failureMessages":[],"meta":{}},{"ancestorTitles":["StrRay Framework - Comprehensive Orchestrator Integration Tests","Coverage Goals Validation"],"fullName":"StrRay Framework - Comprehensive Orchestrator Integration Tests Coverage Goals Validation should achieve 90%+ orchestrator functionality coverage","status":"pending","title":"should achieve 90%+ orchestrator functionality coverage","failureMessages":[],"meta":{}},{"ancestorTitles":["StrRay Framework - Comprehensive Orchestrator Integration Tests","Coverage Goals Validation"],"fullName":"StrRay Framework - Comprehensive Orchestrator Integration Tests Coverage Goals Validation should validate all agent coordination paths","status":"pending","title":"should validate all agent coordination paths","failureMessages":[],"meta":{}},{"ancestorTitles":["StrRay Framework - Comprehensive Orchestrator Integration Tests","Coverage Goals Validation"],"fullName":"StrRay Framework - Comprehensive Orchestrator Integration Tests Coverage Goals Validation should validate comprehensive error handling scenarios","status":"pending","title":"should validate comprehensive error handling scenarios","failureMessages":[],"meta":{}},{"ancestorTitles":["StrRay Framework - Comprehensive Orchestrator Integration Tests","Coverage Goals Validation"],"fullName":"StrRay Framework - Comprehensive Orchestrator Integration Tests Coverage Goals Validation should validate performance integration and monitoring","status":"pending","title":"should validate performance integration and monitoring","failureMessages":[],"meta":{}},{"ancestorTitles":["StrRay Framework - Comprehensive Orchestrator Integration Tests","Coverage Goals Validation"],"fullName":"StrRay Framework - Comprehensive Orchestrator Integration Tests Coverage Goals Validation should validate security integration in orchestrated scenarios","status":"pending","title":"should validate security integration in orchestrated scenarios","failureMessages":[],"meta":{}}],"startTime":1767841391651,"endTime":1767841421664.824,"status":"failed","message":"","name":"/Users/blaze/dev/strray/src/__tests__/integration/orchestrator-integration.test.ts"},{"assertionResults":[{"ancestorTitles":["Server Integration"],"fullName":"Server Integration should create express application","status":"passed","title":"should create express application","duration":0.6289580000000115,"failureMessages":[],"meta":{}},{"ancestorTitles":["Server Integration"],"fullName":"Server Integration should have security middleware configured","status":"passed","title":"should have security middleware configured","duration":0.07562500000000227,"failureMessages":[],"meta":{}},{"ancestorTitles":["Server Integration"],"fullName":"Server Integration should have API routes configured","status":"passed","title":"should have API routes configured","duration":0.13041699999999423,"failureMessages":[],"meta":{}},{"ancestorTitles":["Server Integration"],"fullName":"Server Integration should have performance monitoring middleware","status":"passed","title":"should have performance monitoring middleware","duration":0.1600830000000144,"failureMessages":[],"meta":{}},{"ancestorTitles":["Server Integration"],"fullName":"Server Integration should handle server startup","status":"passed","title":"should handle server startup","duration":0.10516699999999446,"failureMessages":[],"meta":{}},{"ancestorTitles":["Server Integration"],"fullName":"Server Integration should have proper middleware stack","status":"passed","title":"should have proper middleware stack","duration":0.2752499999999998,"failureMessages":[],"meta":{}},{"ancestorTitles":["Server Integration"],"fullName":"Server Integration should configure static file serving","status":"passed","title":"should configure static file serving","duration":0.09191599999999767,"failureMessages":[],"meta":{}},{"ancestorTitles":["Server Integration"],"fullName":"Server Integration should handle server shutdown gracefully","status":"passed","title":"should handle server shutdown gracefully","duration":0.7918749999999761,"failureMessages":[],"meta":{}},{"ancestorTitles":["Server Integration"],"fullName":"Server Integration should export server creation function","status":"passed","title":"should export server creation function","duration":0.39683299999998667,"failureMessages":[],"meta":{}},{"ancestorTitles":["Server Integration"],"fullName":"Server Integration should handle multiple server instances","status":"passed","title":"should handle multiple server instances","duration":0.6659170000000074,"failureMessages":[],"meta":{}}],"startTime":1767841392102,"endTime":1767841392105.666,"status":"passed","message":"","name":"/Users/blaze/dev/strray/src/__tests__/integration/server.test.ts"},{"assertionResults":[{"ancestorTitles":["Session Cleanup Mechanism Validation","Session Registration and Metadata"],"fullName":"Session Cleanup Mechanism Validation Session Registration and Metadata should register session with default TTL","status":"passed","title":"should register session with default TTL","duration":2.4994590000000017,"failureMessages":[],"meta":{}},{"ancestorTitles":["Session Cleanup Mechanism Validation","Session Registration and Metadata"],"fullName":"Session Cleanup Mechanism Validation Session Registration and Metadata should register session with custom TTL","status":"passed","title":"should register session with custom TTL","duration":0.494083000000046,"failureMessages":[],"meta":{}},{"ancestorTitles":["Session Cleanup Mechanism Validation","Session Registration and Metadata"],"fullName":"Session Cleanup Mechanism Validation Session Registration and Metadata should update session activity","status":"passed","title":"should update session activity","duration":2.3719999999999573,"failureMessages":[],"meta":{}},{"ancestorTitles":["Session Cleanup Mechanism Validation","Session Registration and Metadata"],"fullName":"Session Cleanup Mechanism Validation Session Registration and Metadata should update session metadata","status":"passed","title":"should update session metadata","duration":0.41229199999997945,"failureMessages":[],"meta":{}},{"ancestorTitles":["Session Cleanup Mechanism Validation","Session Registration and Metadata"],"fullName":"Session Cleanup Mechanism Validation Session Registration and Metadata should handle metadata updates for non-existent session","status":"passed","title":"should handle metadata updates for non-existent session","duration":0.45637500000003683,"failureMessages":[],"meta":{}},{"ancestorTitles":["Session Cleanup Mechanism Validation","Cleanup Detection Logic"],"fullName":"Session Cleanup Mechanism Validation Cleanup Detection Logic should detect expired sessions","status":"passed","title":"should detect expired sessions","duration":0.24058399999995572,"failureMessages":[],"meta":{}},{"ancestorTitles":["Session Cleanup Mechanism Validation","Cleanup Detection Logic"],"fullName":"Session Cleanup Mechanism Validation Cleanup Detection Logic should detect idle sessions","status":"passed","title":"should detect idle sessions","duration":0.148791000000017,"failureMessages":[],"meta":{}},{"ancestorTitles":["Session Cleanup Mechanism Validation","Cleanup Detection Logic"],"fullName":"Session Cleanup Mechanism Validation Cleanup Detection Logic should not cleanup active sessions","status":"passed","title":"should not cleanup active sessions","duration":0.122916000000032,"failureMessages":[],"meta":{}},{"ancestorTitles":["Session Cleanup Mechanism Validation","Cleanup Detection Logic"],"fullName":"Session Cleanup Mechanism Validation Cleanup Detection Logic should return false for non-existent sessions","status":"passed","title":"should return false for non-existent sessions","duration":0.19825000000003,"failureMessages":[],"meta":{}},{"ancestorTitles":["Session Cleanup Mechanism Validation","Manual Cleanup Operations"],"fullName":"Session Cleanup Mechanism Validation Manual Cleanup Operations should perform manual cleanup successfully","status":"passed","title":"should perform manual cleanup successfully","duration":0.25750000000005,"failureMessages":[],"meta":{}},{"ancestorTitles":["Session Cleanup Mechanism Validation","Manual Cleanup Operations"],"fullName":"Session Cleanup Mechanism Validation Manual Cleanup Operations should perform manual cleanup with custom reason","status":"passed","title":"should perform manual cleanup with custom reason","duration":0.25087500000000773,"failureMessages":[],"meta":{}},{"ancestorTitles":["Session Cleanup Mechanism Validation","Manual Cleanup Operations"],"fullName":"Session Cleanup Mechanism Validation Manual Cleanup Operations should handle manual cleanup of non-existent session","status":"passed","title":"should handle manual cleanup of non-existent session","duration":0.09787500000004457,"failureMessages":[],"meta":{}},{"ancestorTitles":["Session Cleanup Mechanism Validation","Manual Cleanup Operations"],"fullName":"Session Cleanup Mechanism Validation Manual Cleanup Operations should handle manual cleanup errors gracefully","status":"passed","title":"should handle manual cleanup errors gracefully","duration":7.02049999999997,"failureMessages":[],"meta":{}},{"ancestorTitles":["Session Cleanup Mechanism Validation","Automatic Cleanup Operations"],"fullName":"Session Cleanup Mechanism Validation Automatic Cleanup Operations should perform cleanup of expired sessions","status":"passed","title":"should perform cleanup of expired sessions","duration":0.6184170000000222,"failureMessages":[],"meta":{}},{"ancestorTitles":["Session Cleanup Mechanism Validation","Automatic Cleanup Operations"],"fullName":"Session Cleanup Mechanism Validation Automatic Cleanup Operations should perform cleanup of idle sessions","status":"passed","title":"should perform cleanup of idle sessions","duration":0.2587499999999636,"failureMessages":[],"meta":{}},{"ancestorTitles":["Session Cleanup Mechanism Validation","Automatic Cleanup Operations"],"fullName":"Session Cleanup Mechanism Validation Automatic Cleanup Operations should handle cleanup with no sessions to clean","status":"passed","title":"should handle cleanup with no sessions to clean","duration":0.46445899999997664,"failureMessages":[],"meta":{}},{"ancestorTitles":["Session Cleanup Mechanism Validation","Automatic Cleanup Operations"],"fullName":"Session Cleanup Mechanism Validation Automatic Cleanup Operations should handle cleanup errors and continue processing","status":"passed","title":"should handle cleanup errors and continue processing","duration":0.2852500000000191,"failureMessages":[],"meta":{}},{"ancestorTitles":["Session Cleanup Mechanism Validation","Emergency Cleanup Operations"],"fullName":"Session Cleanup Mechanism Validation Emergency Cleanup Operations should perform emergency cleanup of all sessions","status":"passed","title":"should perform emergency cleanup of all sessions","duration":0.30349999999998545,"failureMessages":[],"meta":{}},{"ancestorTitles":["Session Cleanup Mechanism Validation","Emergency Cleanup Operations"],"fullName":"Session Cleanup Mechanism Validation Emergency Cleanup Operations should handle emergency cleanup with errors","status":"passed","title":"should handle emergency cleanup with errors","duration":0.23750000000001137,"failureMessages":[],"meta":{}},{"ancestorTitles":["Session Cleanup Mechanism Validation","Emergency Cleanup Operations"],"fullName":"Session Cleanup Mechanism Validation Emergency Cleanup Operations should handle emergency cleanup with no sessions","status":"passed","title":"should handle emergency cleanup with no sessions","duration":0.18687499999998636,"failureMessages":[],"meta":{}},{"ancestorTitles":["Session Cleanup Mechanism Validation","Cleanup Statistics and Reporting"],"fullName":"Session Cleanup Mechanism Validation Cleanup Statistics and Reporting should provide accurate cleanup statistics","status":"passed","title":"should provide accurate cleanup statistics","duration":0.19479200000000674,"failureMessages":[],"meta":{}},{"ancestorTitles":["Session Cleanup Mechanism Validation","Cleanup Statistics and Reporting"],"fullName":"Session Cleanup Mechanism Validation Cleanup Statistics and Reporting should provide statistics for empty cleanup manager","status":"passed","title":"should provide statistics for empty cleanup manager","duration":1.2384170000000267,"failureMessages":[],"meta":{}},{"ancestorTitles":["Session Cleanup Mechanism Validation","Cleanup Statistics and Reporting"],"fullName":"Session Cleanup Mechanism Validation Cleanup Statistics and Reporting should list all sessions with metadata","status":"passed","title":"should list all sessions with metadata","duration":1.3555830000000242,"failureMessages":[],"meta":{}},{"ancestorTitles":["Session Cleanup Mechanism Validation","Cleanup Configuration"],"fullName":"Session Cleanup Mechanism Validation Cleanup Configuration should use custom cleanup configuration","status":"passed","title":"should use custom cleanup configuration","duration":0.41891600000002427,"failureMessages":[],"meta":{}},{"ancestorTitles":["Session Cleanup Mechanism Validation","Cleanup Configuration"],"fullName":"Session Cleanup Mechanism Validation Cleanup Configuration should handle auto cleanup enable/disable","status":"passed","title":"should handle auto cleanup enable/disable","duration":0.13879199999996672,"failureMessages":[],"meta":{}},{"ancestorTitles":["Session Cleanup Mechanism Validation","Cleanup Configuration"],"fullName":"Session Cleanup Mechanism Validation Cleanup Configuration should handle auto cleanup stop and restart","status":"passed","title":"should handle auto cleanup stop and restart","duration":0.14350000000001728,"failureMessages":[],"meta":{}},{"ancestorTitles":["Session Cleanup Mechanism Validation","Session Persistence and Recovery"],"fullName":"Session Cleanup Mechanism Validation Session Persistence and Recovery should persist session metadata to state manager","status":"passed","title":"should persist session metadata to state manager","duration":0.16112500000002683,"failureMessages":[],"meta":{}},{"ancestorTitles":["Session Cleanup Mechanism Validation","Session Persistence and Recovery"],"fullName":"Session Cleanup Mechanism Validation Session Persistence and Recovery should load session metadata from state manager","status":"passed","title":"should load session metadata from state manager","duration":0.1316669999999931,"failureMessages":[],"meta":{}},{"ancestorTitles":["Session Cleanup Mechanism Validation","Session Persistence and Recovery"],"fullName":"Session Cleanup Mechanism Validation Session Persistence and Recovery should handle corrupted persistence data gracefully","status":"passed","title":"should handle corrupted persistence data gracefully","duration":0.21212500000001455,"failureMessages":[],"meta":{}},{"ancestorTitles":["Session Cleanup Mechanism Validation","Integration with Session Coordinator"],"fullName":"Session Cleanup Mechanism Validation Integration with Session Coordinator should coordinate cleanup with session coordinator","status":"passed","title":"should coordinate cleanup with session coordinator","duration":0.167082999999991,"failureMessages":[],"meta":{}},{"ancestorTitles":["Session Cleanup Mechanism Validation","Integration with Session Coordinator"],"fullName":"Session Cleanup Mechanism Validation Integration with Session Coordinator should handle coordinator cleanup failures gracefully","status":"passed","title":"should handle coordinator cleanup failures gracefully","duration":0.4862499999999841,"failureMessages":[],"meta":{}},{"ancestorTitles":["Session Cleanup Mechanism Validation","Resource Management and Memory"],"fullName":"Session Cleanup Mechanism Validation Resource Management and Memory should track memory usage in session metadata","status":"passed","title":"should track memory usage in session metadata","duration":0.11091699999997218,"failureMessages":[],"meta":{}},{"ancestorTitles":["Session Cleanup Mechanism Validation","Resource Management and Memory"],"fullName":"Session Cleanup Mechanism Validation Resource Management and Memory should handle large numbers of sessions","status":"passed","title":"should handle large numbers of sessions","duration":2.6604999999999563,"failureMessages":[],"meta":{}},{"ancestorTitles":["Session Cleanup Mechanism Validation","Resource Management and Memory"],"fullName":"Session Cleanup Mechanism Validation Resource Management and Memory should properly shutdown and cleanup resources","status":"passed","title":"should properly shutdown and cleanup resources","duration":0.1269160000000511,"failureMessages":[],"meta":{}}],"startTime":1767841391621,"endTime":1767841391646.127,"status":"passed","message":"","name":"/Users/blaze/dev/strray/src/__tests__/integration/session-cleanup-validation.test.ts"},{"assertionResults":[{"ancestorTitles":["Session Lifecycle Management","Session Creation and Initialization"],"fullName":"Session Lifecycle Management Session Creation and Initialization should create session with proper initialization","status":"passed","title":"should create session with proper initialization","duration":2.3700419999999554,"failureMessages":[],"meta":{}},{"ancestorTitles":["Session Lifecycle Management","Session Creation and Initialization"],"fullName":"Session Lifecycle Management Session Creation and Initialization should register session with cleanup manager","status":"passed","title":"should register session with cleanup manager","duration":1.0686249999999973,"failureMessages":[],"meta":{}},{"ancestorTitles":["Session Lifecycle Management","Session Creation and Initialization"],"fullName":"Session Lifecycle Management Session Creation and Initialization should register session with monitor","status":"passed","title":"should register session with monitor","duration":1.1004580000000033,"failureMessages":[],"meta":{}},{"ancestorTitles":["Session Lifecycle Management","Session Creation and Initialization"],"fullName":"Session Lifecycle Management Session Creation and Initialization should initialize session with custom TTL","status":"passed","title":"should initialize session with custom TTL","duration":0.22454199999998536,"failureMessages":[],"meta":{}},{"ancestorTitles":["Session Lifecycle Management","Session Creation and Initialization"],"fullName":"Session Lifecycle Management Session Creation and Initialization should handle duplicate session initialization","status":"passed","title":"should handle duplicate session initialization","duration":0.2679170000000113,"failureMessages":[],"meta":{}},{"ancestorTitles":["Session Lifecycle Management","Session State Transitions"],"fullName":"Session Lifecycle Management Session State Transitions should update session activity timestamp","status":"passed","title":"should update session activity timestamp","duration":3.0685829999999896,"failureMessages":[],"meta":{}},{"ancestorTitles":["Session Lifecycle Management","Session State Transitions"],"fullName":"Session Lifecycle Management Session State Transitions should handle session completion","status":"passed","title":"should handle session completion","duration":0.6138750000000073,"failureMessages":[],"meta":{}},{"ancestorTitles":["Session Lifecycle Management","Session State Transitions"],"fullName":"Session Lifecycle Management Session State Transitions should handle session failure and recovery","status":"passed","title":"should handle session failure and recovery","duration":0.25095800000002555,"failureMessages":[],"meta":{}},{"ancestorTitles":["Session Lifecycle Management","Session State Transitions"],"fullName":"Session Lifecycle Management Session State Transitions should update session metadata correctly","status":"passed","title":"should update session metadata correctly","duration":0.44074999999998,"failureMessages":[],"meta":{}},{"ancestorTitles":["Session Lifecycle Management","Session Termination and Cleanup"],"fullName":"Session Lifecycle Management Session Termination and Cleanup should perform manual session cleanup","status":"passed","title":"should perform manual session cleanup","duration":0.43874999999997044,"failureMessages":[],"meta":{}},{"ancestorTitles":["Session Lifecycle Management","Session Termination and Cleanup"],"fullName":"Session Lifecycle Management Session Termination and Cleanup should cleanup session with custom reason","status":"passed","title":"should cleanup session with custom reason","duration":0.18770800000004328,"failureMessages":[],"meta":{}},{"ancestorTitles":["Session Lifecycle Management","Session Termination and Cleanup"],"fullName":"Session Lifecycle Management Session Termination and Cleanup should handle cleanup of non-existent session","status":"passed","title":"should handle cleanup of non-existent session","duration":0.14629200000001674,"failureMessages":[],"meta":{}},{"ancestorTitles":["Session Lifecycle Management","Session Termination and Cleanup"],"fullName":"Session Lifecycle Management Session Termination and Cleanup should perform emergency cleanup of all sessions","status":"passed","title":"should perform emergency cleanup of all sessions","duration":0.7332079999999905,"failureMessages":[],"meta":{}},{"ancestorTitles":["Session Lifecycle Management","Session Termination and Cleanup"],"fullName":"Session Lifecycle Management Session Termination and Cleanup should cleanup expired sessions automatically","status":"passed","title":"should cleanup expired sessions automatically","duration":151.63441700000004,"failureMessages":[],"meta":{}},{"ancestorTitles":["Session Lifecycle Management","Session Error Handling"],"fullName":"Session Lifecycle Management Session Error Handling should handle session initialization errors gracefully","status":"passed","title":"should handle session initialization errors gracefully","duration":0.5073750000000246,"failureMessages":[],"meta":{}},{"ancestorTitles":["Session Lifecycle Management","Session Error Handling"],"fullName":"Session Lifecycle Management Session Error Handling should handle cleanup errors gracefully","status":"passed","title":"should handle cleanup errors gracefully","duration":0.15375000000000227,"failureMessages":[],"meta":{}},{"ancestorTitles":["Session Lifecycle Management","Session Error Handling"],"fullName":"Session Lifecycle Management Session Error Handling should handle monitor registration errors","status":"passed","title":"should handle monitor registration errors","duration":0.17712499999998954,"failureMessages":[],"meta":{}},{"ancestorTitles":["Session Lifecycle Management","Session Error Handling"],"fullName":"Session Lifecycle Management Session Error Handling should handle health check errors","status":"passed","title":"should handle health check errors","duration":0.2697499999999877,"failureMessages":[],"meta":{}},{"ancestorTitles":["Session Lifecycle Management","Session Recovery Mechanisms"],"fullName":"Session Lifecycle Management Session Recovery Mechanisms should recover session state from persistence","status":"passed","title":"should recover session state from persistence","duration":0.2097919999999931,"failureMessages":[],"meta":{}},{"ancestorTitles":["Session Lifecycle Management","Session Recovery Mechanisms"],"fullName":"Session Lifecycle Management Session Recovery Mechanisms should handle partial recovery failures","status":"passed","title":"should handle partial recovery failures","duration":0.15041700000000446,"failureMessages":[],"meta":{}},{"ancestorTitles":["Session Lifecycle Management","Session Recovery Mechanisms"],"fullName":"Session Lifecycle Management Session Recovery Mechanisms should maintain session isolation during recovery","status":"passed","title":"should maintain session isolation during recovery","duration":0.44524999999998727,"failureMessages":[],"meta":{}},{"ancestorTitles":["Session Lifecycle Management","Session Performance and Monitoring"],"fullName":"Session Lifecycle Management Session Performance and Monitoring should track session activity correctly","status":"passed","title":"should track session activity correctly","duration":0.1492919999999458,"failureMessages":[],"meta":{}},{"ancestorTitles":["Session Lifecycle Management","Session Performance and Monitoring"],"fullName":"Session Lifecycle Management Session Performance and Monitoring should provide accurate cleanup statistics","status":"passed","title":"should provide accurate cleanup statistics","duration":0.1658329999999637,"failureMessages":[],"meta":{}},{"ancestorTitles":["Session Lifecycle Management","Session Performance and Monitoring"],"fullName":"Session Lifecycle Management Session Performance and Monitoring should provide accurate monitoring statistics","status":"passed","title":"should provide accurate monitoring statistics","duration":1.023458000000005,"failureMessages":[],"meta":{}},{"ancestorTitles":["Session Lifecycle Management","Session Performance and Monitoring"],"fullName":"Session Lifecycle Management Session Performance and Monitoring should collect metrics for active sessions","status":"passed","title":"should collect metrics for active sessions","duration":0.5662090000000148,"failureMessages":[],"meta":{}},{"ancestorTitles":["Session Lifecycle Management","Session Lifecycle Integration"],"fullName":"Session Lifecycle Management Session Lifecycle Integration should handle complete session lifecycle","status":"passed","title":"should handle complete session lifecycle","duration":0.2607079999999655,"failureMessages":[],"meta":{}},{"ancestorTitles":["Session Lifecycle Management","Session Lifecycle Integration"],"fullName":"Session Lifecycle Management Session Lifecycle Integration should handle concurrent session operations","status":"passed","title":"should handle concurrent session operations","duration":0.29974999999996044,"failureMessages":[],"meta":{}},{"ancestorTitles":["Session Lifecycle Management","Session Lifecycle Integration"],"fullName":"Session Lifecycle Management Session Lifecycle Integration should maintain data consistency across lifecycle","status":"passed","title":"should maintain data consistency across lifecycle","duration":0.14624999999995225,"failureMessages":[],"meta":{}}],"startTime":17678413
[...]
estorTitles":["StrRayStateManager","set method"],"fullName":"StrRayStateManager set method should handle falsy values","status":"passed","title":"should handle falsy values","duration":0.12241699999999867,"failureMessages":[],"meta":{}},{"ancestorTitles":["StrRayStateManager","set method"],"fullName":"StrRayStateManager set method should handle different key types","status":"passed","title":"should handle different key types","duration":0.06862500000001148,"failureMessages":[],"meta":{}},{"ancestorTitles":["StrRayStateManager","clear method"],"fullName":"StrRayStateManager clear method should remove existing keys","status":"passed","title":"should remove existing keys","duration":0.11337500000000489,"failureMessages":[],"meta":{}},{"ancestorTitles":["StrRayStateManager","clear method"],"fullName":"StrRayStateManager clear method should not throw when clearing non-existent keys","status":"passed","title":"should not throw when clearing non-existent keys","duration":0.4783749999999998,"failureMessages":[],"meta":{}},{"ancestorTitles":["StrRayStateManager","clear method"],"fullName":"StrRayStateManager clear method should only clear the specified key","status":"passed","title":"should only clear the specified key","duration":0.18162499999999682,"failureMessages":[],"meta":{}},{"ancestorTitles":["StrRayStateManager","isolation between instances"],"fullName":"StrRayStateManager isolation between instances should maintain separate state between instances","status":"passed","title":"should maintain separate state between instances","duration":0.1680419999999998,"failureMessages":[],"meta":{}},{"ancestorTitles":["StrRayStateManager","memory management"],"fullName":"StrRayStateManager memory management should handle large objects without issues","status":"passed","title":"should handle large objects without issues","duration":0.8485840000000024,"failureMessages":[],"meta":{}},{"ancestorTitles":["StrRayStateManager","memory management"],"fullName":"StrRayStateManager memory management should handle circular references","status":"passed","title":"should handle circular references","duration":0.3845829999999921,"failureMessages":[],"meta":{}},{"ancestorTitles":["StrRayStateManager","type safety"],"fullName":"StrRayStateManager type safety should maintain type information","status":"passed","title":"should maintain type information","duration":0.10420899999999733,"failureMessages":[],"meta":{}},{"ancestorTitles":["StrRayStateManager","edge cases"],"fullName":"StrRayStateManager edge cases should handle empty strings as keys","status":"passed","title":"should handle empty strings as keys","duration":0.07783299999999826,"failureMessages":[],"meta":{}},{"ancestorTitles":["StrRayStateManager","edge cases"],"fullName":"StrRayStateManager edge cases should handle special characters in keys","status":"passed","title":"should handle special characters in keys","duration":0.04487500000000466,"failureMessages":[],"meta":{}},{"ancestorTitles":["StrRayStateManager","edge cases"],"fullName":"StrRayStateManager edge cases should handle unicode characters","status":"passed","title":"should handle unicode characters","duration":0.0557500000000033,"failureMessages":[],"meta":{}}],"startTime":1767841392063,"endTime":1767841392068.3845,"status":"passed","message":"","name":"/Users/blaze/dev/strray/src/__tests__/unit/state-manager.test.ts"},{"assertionResults":[{"ancestorTitles":["Security Module Integration","Complete Security Workflow"],"fullName":"Security Module Integration Complete Security Workflow should perform full security audit and apply automatic fixes","status":"passed","title":"should perform full security audit and apply automatic fixes","duration":4.334790999999996,"failureMessages":[],"meta":{}},{"ancestorTitles":["Security Module Integration","Complete Security Workflow"],"fullName":"Security Module Integration Complete Security Workflow should handle secure codebase with no issues","status":"passed","title":"should handle secure codebase with no issues","duration":0.6382080000000059,"failureMessages":[],"meta":{}},{"ancestorTitles":["Security Module Integration","Security Headers Integration"],"fullName":"Security Module Integration Security Headers Integration should integrate security headers with audit results","status":"passed","title":"should integrate security headers with audit results","duration":1.7289169999999956,"failureMessages":[],"meta":{}},{"ancestorTitles":["Security Module Integration","Security Headers Integration"],"fullName":"Security Module Integration Security Headers Integration should work with Express middleware","status":"passed","title":"should work with Express middleware","duration":0.3909590000000094,"failureMessages":[],"meta":{}},{"ancestorTitles":["Security Module Integration","Input Validation and Rate Limiting"],"fullName":"Security Module Integration Input Validation and Rate Limiting should validate input and apply rate limiting together","status":"passed","title":"should validate input and apply rate limiting together","duration":0.18720799999999826,"failureMessages":[],"meta":{}}],"startTime":1767841391906,"endTime":1767841391914.1873,"status":"passed","message":"","name":"/Users/blaze/dev/strray/src/__tests__/integration/security/security-integration.test.ts"},{"assertionResults":[{"ancestorTitles":["SecurityAuditor","auditProject"],"fullName":"SecurityAuditor auditProject should return audit result with issues found","status":"passed","title":"should return audit result with issues found","duration":2.4087080000000043,"failureMessages":[],"meta":{}},{"ancestorTitles":["SecurityAuditor","auditProject"],"fullName":"SecurityAuditor auditProject should detect eval() usage as critical vulnerability","status":"passed","title":"should detect eval() usage as critical vulnerability","duration":0.9757919999999984,"failureMessages":[],"meta":{}},{"ancestorTitles":["SecurityAuditor","auditProject"],"fullName":"SecurityAuditor auditProject should detect hardcoded secrets","status":"passed","title":"should detect hardcoded secrets","duration":0.4755830000000003,"failureMessages":[],"meta":{}},{"ancestorTitles":["SecurityAuditor","auditProject"],"fullName":"SecurityAuditor auditProject should detect dangerous imports","status":"passed","title":"should detect dangerous imports","duration":0.2745830000000069,"failureMessages":[],"meta":{}},{"ancestorTitles":["SecurityAuditor","auditProject"],"fullName":"SecurityAuditor auditProject should skip excluded directories","status":"passed","title":"should skip excluded directories","duration":0.19737499999999386,"failureMessages":[],"meta":{}},{"ancestorTitles":["SecurityAuditor","auditProject"],"fullName":"SecurityAuditor auditProject should handle package.json auditing","status":"passed","title":"should handle package.json auditing","duration":0.23791600000001267,"failureMessages":[],"meta":{}},{"ancestorTitles":["SecurityAuditor","auditProject"],"fullName":"SecurityAuditor auditProject should calculate security score correctly","status":"passed","title":"should calculate security score correctly","duration":0.23433400000000404,"failureMessages":[],"meta":{}},{"ancestorTitles":["SecurityAuditor","generateReport"],"fullName":"SecurityAuditor generateReport should generate comprehensive security report","status":"passed","title":"should generate comprehensive security report","duration":1.2402079999999955,"failureMessages":[],"meta":{}},{"ancestorTitles":["SecurityAuditor","generateReport"],"fullName":"SecurityAuditor generateReport should handle reports with no issues","status":"passed","title":"should handle reports with no issues","duration":0.2075839999999971,"failureMessages":[],"meta":{}},{"ancestorTitles":["SecurityAuditor","Error Handling"],"fullName":"SecurityAuditor Error Handling should handle file read errors gracefully","status":"passed","title":"should handle file read errors gracefully","duration":0.40304199999999923,"failureMessages":[],"meta":{}},{"ancestorTitles":["SecurityAuditor","Error Handling"],"fullName":"SecurityAuditor Error Handling should handle invalid package.json gracefully","status":"passed","title":"should handle invalid package.json gracefully","duration":0.3540830000000028,"failureMessages":[],"meta":{}}],"startTime":1767841391886,"endTime":1767841391893.354,"status":"passed","message":"","name":"/Users/blaze/dev/strray/src/__tests__/unit/security/security-auditor.test.ts"},{"assertionResults":[{"ancestorTitles":["SecurityHardener","hardenSecurity"],"fullName":"SecurityHardener hardenSecurity should apply fixes for hardcoded secrets issues","status":"passed","title":"should apply fixes for hardcoded secrets issues","duration":1.5779169999999993,"failureMessages":[],"meta":{}},{"ancestorTitles":["SecurityHardener","hardenSecurity"],"fullName":"SecurityHardener hardenSecurity should apply fixes for file permission issues","status":"passed","title":"should apply fixes for file permission issues","duration":0.7994169999999912,"failureMessages":[],"meta":{}},{"ancestorTitles":["SecurityHardener","hardenSecurity"],"fullName":"SecurityHardener hardenSecurity should handle file permission fix failures","status":"passed","title":"should handle file permission fix failures","duration":0.4284159999999986,"failureMessages":[],"meta":{}},{"ancestorTitles":["SecurityHardener","hardenSecurity"],"fullName":"SecurityHardener hardenSecurity should handle dependency management issues","status":"passed","title":"should handle dependency management issues","duration":0.37487500000000296,"failureMessages":[],"meta":{}},{"ancestorTitles":["SecurityHardener","hardenSecurity"],"fullName":"SecurityHardener hardenSecurity should handle input validation issues","status":"passed","title":"should handle input validation issues","duration":0.36770799999999326,"failureMessages":[],"meta":{}},{"ancestorTitles":["SecurityHardener","hardenSecurity"],"fullName":"SecurityHardener hardenSecurity should handle multiple issues of different types","status":"passed","title":"should handle multiple issues of different types","duration":0.44258400000001075,"failureMessages":[],"meta":{}},{"ancestorTitles":["SecurityHardener","addSecurityHeaders"],"fullName":"SecurityHardener addSecurityHeaders should add security headers when enabled","status":"passed","title":"should add security headers when enabled","duration":0.19250000000000966,"failureMessages":[],"meta":{}},{"ancestorTitles":["SecurityHardener","addSecurityHeaders"],"fullName":"SecurityHardener addSecurityHeaders should not add headers when disabled","status":"passed","title":"should not add headers when disabled","duration":0.12387499999999818,"failureMessages":[],"meta":{}},{"ancestorTitles":["SecurityHardener","validateInput"],"fullName":"SecurityHardener validateInput should validate string input successfully","status":"passed","title":"should validate string input successfully","duration":0.1547079999999994,"failureMessages":[],"meta":{}},{"ancestorTitles":["SecurityHardener","validateInput"],"fullName":"SecurityHardener validateInput should reject invalid string type","status":"passed","title":"should reject invalid string type","duration":0.195083000000011,"failureMessages":[],"meta":{}},{"ancestorTitles":["SecurityHardener","validateInput"],"fullName":"SecurityHardener validateInput should reject string exceeding max length","status":"passed","title":"should reject string exceeding max length","duration":0.06970799999999144,"failureMessages":[],"meta":{}},{"ancestorTitles":["SecurityHardener","validateInput"],"fullName":"SecurityHardener validateInput should validate pattern matching","status":"passed","title":"should validate pattern matching","duration":0.058707999999995764,"failureMessages":[],"meta":{}},{"ancestorTitles":["SecurityHardener","validateInput"],"fullName":"SecurityHardener validateInput should reject pattern mismatch","status":"passed","title":"should reject pattern mismatch","duration":0.07433299999999576,"failureMessages":[],"meta":{}},{"ancestorTitles":["SecurityHardener","validateInput"],"fullName":"SecurityHardener validateInput should skip validation when disabled","status":"passed","title":"should skip validation when disabled","duration":0.2502499999999941,"failureMessages":[],"meta":{}},{"ancestorTitles":["SecurityHardener","checkRateLimit"],"fullName":"SecurityHardener checkRateLimit should allow requests within limit","status":"passed","title":"should allow requests within limit","duration":0.20270800000000122,"failureMessages":[],"meta":{}},{"ancestorTitles":["SecurityHardener","checkRateLimit"],"fullName":"SecurityHardener checkRateLimit should block requests exceeding limit","status":"passed","title":"should block requests exceeding limit","duration":0.1499159999999904,"failureMessages":[],"meta":{}},{"ancestorTitles":["SecurityHardener","checkRateLimit"],"fullName":"SecurityHardener checkRateLimit should allow requests after window expires","status":"passed","title":"should allow requests after window expires","duration":0.5292910000000006,"failureMessages":[],"meta":{}},{"ancestorTitles":["SecurityHardener","checkRateLimit"],"fullName":"SecurityHardener checkRateLimit should skip rate limiting when disabled","status":"passed","title":"should skip rate limiting when disabled","duration":0.056875000000005116,"failureMessages":[],"meta":{}},{"ancestorTitles":["SecurityHardener","logSecurityEvent"],"fullName":"SecurityHardener logSecurityEvent should log security events when enabled","status":"passed","title":"should log security events when enabled","duration":2.1632919999999984,"failureMessages":[],"meta":{}},{"ancestorTitles":["SecurityHardener","logSecurityEvent"],"fullName":"SecurityHardener logSecurityEvent should not log when disabled","status":"passed","title":"should not log when disabled","duration":0.17300000000000182,"failureMessages":[],"meta":{}},{"ancestorTitles":["SecurityHardener","Configuration"],"fullName":"SecurityHardener Configuration should use default configuration","status":"passed","title":"should use default configuration","duration":0.0727499999999992,"failureMessages":[],"meta":{}},{"ancestorTitles":["SecurityHardener","Configuration"],"fullName":"SecurityHardener Configuration should accept custom configuration","status":"passed","title":"should accept custom configuration","duration":0.10470800000000224,"failureMessages":[],"meta":{}}],"startTime":1767841391929,"endTime":1767841391938.1047,"status":"passed","message":"","name":"/Users/blaze/dev/strray/src/__tests__/unit/security/security-hardener.test.ts"},{"assertionResults":[{"ancestorTitles":["SecurityHeadersMiddleware","applySecurityHeaders"],"fullName":"SecurityHeadersMiddleware applySecurityHeaders should apply all default security headers","status":"passed","title":"should apply all default security headers","duration":2.0715419999999938,"failureMessages":[],"meta":{}},{"ancestorTitles":["SecurityHeadersMiddleware","applySecurityHeaders"],"fullName":"SecurityHeadersMiddleware applySecurityHeaders should handle invalid response object gracefully","status":"passed","title":"should handle invalid response object gracefully","duration":0.35700000000001353,"failureMessages":[],"meta":{}},{"ancestorTitles":["SecurityHeadersMiddleware","applySecurityHeaders"],"fullName":"SecurityHeadersMiddleware applySecurityHeaders should apply custom CSP when configured","status":"passed","title":"should apply custom CSP when configured","duration":0.3746670000000023,"failureMessages":[],"meta":{}},{"ancestorTitles":["SecurityHeadersMiddleware","applySecurityHeaders"],"fullName":"SecurityHeadersMiddleware applySecurityHeaders should skip HSTS when disabled","status":"passed","title":"should skip HSTS when disabled","duration":0.43120799999999804,"failureMessages":[],"meta":{}},{"ancestorTitles":["SecurityHeadersMiddleware","applySecurityHeaders"],"fullName":"SecurityHeadersMiddleware applySecurityHeaders should configure HSTS with custom max age","status":"passed","title":"should configure HSTS with custom max age","duration":0.17737499999999784,"failureMessages":[],"meta":{}},{"ancestorTitles":["SecurityHeadersMiddleware","applySecurityHeaders"],"fullName":"SecurityHeadersMiddleware applySecurityHeaders should include preload in HSTS when configured","status":"passed","title":"should include preload in HSTS when configured","duration":0.24508300000000816,"failureMessages":[],"meta":{}},{"ancestorTitles":["SecurityHeadersMiddleware","applySecurityHeaders"],"fullName":"SecurityHeadersMiddleware applySecurityHeaders should skip frame options when disabled","status":"passed","title":"should skip frame options when disabled","duration":0.1192089999999979,"failureMessages":[],"meta":{}},{"ancestorTitles":["SecurityHeadersMiddleware","Express Middleware"],"fullName":"SecurityHeadersMiddleware Express Middleware should return valid Express middleware function","status":"passed","title":"should return valid Express middleware function","duration":0.14629100000000506,"failureMessages":[],"meta":{}},{"ancestorTitles":["SecurityHeadersMiddleware","Express Middleware"],"fullName":"SecurityHeadersMiddleware Express Middleware should apply headers in Express middleware","status":"passed","title":"should apply headers in Express middleware","duration":0.16758299999999338,"failureMessages":[],"meta":{}},{"ancestorTitles":["SecurityHeadersMiddleware","Fastify Middleware"],"fullName":"SecurityHeadersMiddleware Fastify Middleware should return valid Fastify middleware function","status":"passed","title":"should return valid Fastify middleware function","duration":0.08616700000000321,"failureMessages":[],"meta":{}},{"ancestorTitles":["SecurityHeadersMiddleware","Fastify Middleware"],"fullName":"SecurityHeadersMiddleware Fastify Middleware should apply headers in Fastify middleware","status":"passed","title":"should apply headers in Fastify middleware","duration":0.08637500000000387,"failureMessages":[],"meta":{}},{"ancestorTitles":["SecurityHeadersMiddleware","Generic Middleware"],"fullName":"SecurityHeadersMiddleware Generic Middleware should return bound applySecurityHeaders function","status":"passed","title":"should return bound applySecurityHeaders function","duration":0.06408400000000825,"failureMessages":[],"meta":{}},{"ancestorTitles":["SecurityHeadersMiddleware","Generic Middleware"],"fullName":"SecurityHeadersMiddleware Generic Middleware should apply headers when called directly","status":"passed","title":"should apply headers when called directly","duration":0.101791999999989,"failureMessages":[],"meta":{}},{"ancestorTitles":["SecurityHeadersMiddleware","Configuration Management"],"fullName":"SecurityHeadersMiddleware Configuration Management should update configuration","status":"passed","title":"should update configuration","duration":0.3154580000000067,"failureMessages":[],"meta":{}},{"ancestorTitles":["SecurityHeadersMiddleware","Configuration Management"],"fullName":"SecurityHeadersMiddleware Configuration Management should return current configuration","status":"passed","title":"should return current configuration","duration":0.1981659999999863,"failureMessages":[],"meta":{}},{"ancestorTitles":["SecurityHeadersMiddleware","Configuration Management"],"fullName":"SecurityHeadersMiddleware Configuration Management should preserve existing config when updating partially","status":"passed","title":"should preserve existing config when updating partially","duration":0.11037500000000477,"failureMessages":[],"meta":{}},{"ancestorTitles":["SecurityHeadersMiddleware","Integration with SecurityHardener"],"fullName":"SecurityHeadersMiddleware Integration with SecurityHardener should work with security hardener headers","status":"passed","title":"should work with security hardener headers","duration":0.08916700000000333,"failureMessages":[],"meta":{}}],"startTime":1767841391931,"endTime":1767841391936.3154,"status":"passed","message":"","name":"/Users/blaze/dev/strray/src/__tests__/unit/security/security-headers.test.ts"}]}